{"content": {"suites": {"0": {"status": {"total_pass": 0, "total_skip": 0, "total_xpass": 0, "total_xfail": 0, "total_rerun": 0, "total_fail": 2, "total_error": 0}, "tests": {"0": {"status": "FAIL", "message": "   selenium.common.exceptions.TimeoutException: Message: \n   Stacktrace:\n   RemoteError@chrome://remote/content/shared/RemoteError.sys.mjs:8:8\n   WebDriverError@chrome://remote/content/shared/webdriver/Errors.sys.mjs:188:5\n   NoSuchElementError@chrome://remote/content/shared/webdriver/Errors.sys.mjs:506:5\n   dom.find/</<@chrome://remote/content/shared/DOM.sys.mjs:132:16\n", "test_name": "test_login[Admin-admin123-valid]", "rerun": "0"}, "1": {"status": "FAIL", "message": "   selenium.common.exceptions.TimeoutException: Message: \n   Stacktrace:\n   RemoteError@chrome://remote/content/shared/RemoteError.sys.mjs:8:8\n   WebDriverError@chrome://remote/content/shared/webdriver/Errors.sys.mjs:188:5\n   NoSuchElementError@chrome://remote/content/shared/webdriver/Errors.sys.mjs:506:5\n   dom.find/</<@chrome://remote/content/shared/DOM.sys.mjs:132:16\n", "test_name": "test_login[Admin2-admin124-invalid]", "rerun": "0"}}, "suite_name": "tests/test_login_dataDriven_adv.py"}}}, "date": "September 24, 2023", "start_time": 1695574147.5453305, "total_suite": 1, "status": "FAIL", "status_list": {"pass": "0", "fail": "2", "skip": "0", "error": "0", "xpass": "0", "xfail": "0", "rerun": "0"}, "total_tests": "2"}